# JRE version: Java(TM) SE Runtime Environment (24.0.1+9) (build 24.0.1+9-30)
# Java VM: Java HotSpot(TM) 64-Bit Server VM (24.0.1+9-30, mixed mode, sharing, tiered, compressed oops, compressed class ptrs, g1 gc, windows-amd64)
GC Precious Log:
 CardTable entry size: 512
 Card Set container configuration: InlinePtr #cards 5 size 8 Array Of Cards #cards 10 size 36 Howl #buckets 4 coarsen threshold 1843 Howl Bitmap #cards 512 size 80 coarsen threshold 460 Card regions per heap region 1 cards per card region 2048
 CPUs: 8 total, 8 available
 Memory: 6030M
 Large Page Support: Disabled
 NUMA Support: Disabled
 Compressed Oops: Enabled (32-bit)
 Heap Region Size: 1M
 Heap Min Capacity: 8M
 Heap Initial Capacity: 96M
 Heap Max Capacity: 1508M
 Pre-touch: Disabled
 Parallel Workers: 8
 Concurrent Workers: 2
 Concurrent Refinement Workers: 8
 Periodic GC: Disabled
Heap:
 garbage-first heap   total reserved 1544192K, committed 62464K, used 35322K [0x00000000a1c00000, 0x0000000100000000)
  region size 1024K, 4 young (4096K), 1 survivors (1024K)
 Metaspace       used 74201K, committed 74944K, reserved 1179648K
  class space    used 8048K, committed 8384K, reserved 1048576K
GC Heap History (20 events):
Event: 386.026 GC heap before
{Heap before GC invocations=98 (full 0):
 garbage-first heap   total reserved 1544192K, committed 62464K, used 55714K [0x00000000a1c00000, 0x0000000100000000)
  region size 1024K, 23 young (23552K), 1 survivors (1024K)
 Metaspace       used 74177K, committed 74880K, reserved 1179648K
  class space    used 8048K, committed 8384K, reserved 1048576K
}
Event: 386.028 GC heap after
{Heap after GC invocations=99 (full 0):
 garbage-first heap   total reserved 1544192K, committed 62464K, used 33376K [0x00000000a1c00000, 0x0000000100000000)
  region size 1024K, 1 young (1024K), 1 survivors (1024K)
 Metaspace       used 74177K, committed 74880K, reserved 1179648K
  class space    used 8048K, committed 8384K, reserved 1048576K
}
Event: 391.044 GC heap before
{Heap before GC invocations=99 (full 0):
 garbage-first heap   total reserved 1544192K, committed 62464K, used 55904K [0x00000000a1c00000, 0x0000000100000000)
  region size 1024K, 23 young (23552K), 1 survivors (1024K)
 Metaspace       used 74179K, committed 74880K, reserved 1179648K
  class space    used 8048K, committed 8384K, reserved 1048576K
}
Event: 391.047 GC heap after
{Heap after GC invocations=100 (full 0):
 garbage-first heap   total reserved 1544192K, committed 62464K, used 33347K [0x00000000a1c00000, 0x0000000100000000)
  region size 1024K, 1 young (1024K), 1 survivors (1024K)
 Metaspace       used 74179K, committed 74880K, reserved 1179648K
  class space    used 8048K, committed 8384K, reserved 1048576K
}
Event: 396.092 GC heap before
{Heap before GC invocations=101 (full 0):
 garbage-first heap   total reserved 1544192K, committed 62464K, used 54851K [0x00000000a1c00000, 0x0000000100000000)
  region size 1024K, 23 young (23552K), 1 survivors (1024K)
 Metaspace       used 74180K, committed 74880K, reserved 1179648K
  class space    used 8048K, committed 8384K, reserved 1048576K
}
Event: 396.093 GC heap after
{Heap after GC invocations=102 (full 0):
 garbage-first heap   total reserved 1544192K, committed 62464K, used 33179K [0x00000000a1c00000, 0x0000000100000000)
  region size 1024K, 1 young (1024K), 1 survivors (1024K)
 Metaspace       used 74180K, committed 74880K, reserved 1179648K
  class space    used 8048K, committed 8384K, reserved 1048576K
}
Event: 406.020 GC heap before
{Heap before GC invocations=102 (full 0):
 garbage-first heap   total reserved 1544192K, committed 62464K, used 55707K [0x00000000a1c00000, 0x0000000100000000)
  region size 1024K, 23 young (23552K), 1 survivors (1024K)
 Metaspace       used 74189K, committed 74880K, reserved 1179648K
  class space    used 8048K, committed 8384K, reserved 1048576K
}
Event: 406.022 GC heap after
{Heap after GC invocations=103 (full 0):
 garbage-first heap   total reserved 1544192K, committed 62464K, used 33128K [0x00000000a1c00000, 0x0000000100000000)
  region size 1024K, 1 young (1024K), 1 survivors (1024K)
 Metaspace       used 74189K, committed 74880K, reserved 1179648K
  class space    used 8048K, committed 8384K, reserved 1048576K
}
Event: 411.036 GC heap before
{Heap before GC invocations=104 (full 0):
 garbage-first heap   total reserved 1544192K, committed 62464K, used 55656K [0x00000000a1c00000, 0x0000000100000000)
  region size 1024K, 23 young (23552K), 1 survivors (1024K)
 Metaspace       used 74190K, committed 74880K, reserved 1179648K
  class space    used 8048K, committed 8384K, reserved 1048576K
}
Event: 411.039 GC heap after
{Heap after GC invocations=105 (full 0):
 garbage-first heap   total reserved 1544192K, committed 62464K, used 33179K [0x00000000a1c00000, 0x0000000100000000)
  region size 1024K, 1 young (1024K), 1 survivors (1024K)
 Metaspace       used 74190K, committed 74880K, reserved 1179648K
  class space    used 8048K, committed 8384K, reserved 1048576K
}
Event: 416.096 GC heap before
{Heap before GC invocations=105 (full 0):
 garbage-first heap   total reserved 1544192K, committed 62464K, used 55707K [0x00000000a1c00000, 0x0000000100000000)
  region size 1024K, 23 young (23552K), 1 survivors (1024K)
 Metaspace       used 74190K, committed 74880K, reserved 1179648K
  class space    used 8048K, committed 8384K, reserved 1048576K
}
Event: 416.098 GC heap after
{Heap after GC invocations=106 (full 0):
 garbage-first heap   total reserved 1544192K, committed 62464K, used 33321K [0x00000000a1c00000, 0x0000000100000000)
  region size 1024K, 1 young (1024K), 1 survivors (1024K)
 Metaspace       used 74190K, committed 74880K, reserved 1179648K
  class space    used 8048K, committed 8384K, reserved 1048576K
}
Event: 421.255 GC heap before
{Heap before GC invocations=107 (full 0):
 garbage-first heap   total reserved 1544192K, committed 62464K, used 55849K [0x00000000a1c00000, 0x0000000100000000)
  region size 1024K, 23 young (23552K), 1 survivors (1024K)
 Metaspace       used 74191K, committed 74880K, reserved 1179648K
  class space    used 8048K, committed 8384K, reserved 1048576K
}
Event: 421.257 GC heap after
{Heap after GC invocations=108 (full 0):
 garbage-first heap   total reserved 1544192K, committed 62464K, used 33244K [0x00000000a1c00000, 0x0000000100000000)
  region size 1024K, 1 young (1024K), 1 survivors (1024K)
 Metaspace       used 74191K, committed 74880K, reserved 1179648K
  class space    used 8048K, committed 8384K, reserved 1048576K
}
Event: 431.029 GC heap before
{Heap before GC invocations=108 (full 0):
 garbage-first heap   total reserved 1544192K, committed 62464K, used 55772K [0x00000000a1c00000, 0x0000000100000000)
  region size 1024K, 23 young (23552K), 1 survivors (1024K)
 Metaspace       used 74194K, committed 74880K, reserved 1179648K
  class space    used 8048K, committed 8384K, reserved 1048576K
}
Event: 431.031 GC heap after
{Heap after GC invocations=109 (full 0):
 garbage-first heap   total reserved 1544192K, committed 62464K, used 33494K [0x00000000a1c00000, 0x0000000100000000)
  region size 1024K, 1 young (1024K), 1 survivors (1024K)
 Metaspace       used 74194K, committed 74880K, reserved 1179648K
  class space    used 8048K, committed 8384K, reserved 1048576K
}
Event: 436.131 GC heap before
{Heap before GC invocations=110 (full 0):
 garbage-first heap   total reserved 1544192K, committed 62464K, used 56022K [0x00000000a1c00000, 0x0000000100000000)
  region size 1024K, 23 young (23552K), 1 survivors (1024K)
 Metaspace       used 74197K, committed 74944K, reserved 1179648K
  class space    used 8048K, committed 8384K, reserved 1048576K
}
Event: 436.133 GC heap after
{Heap after GC invocations=111 (full 0):
 garbage-first heap   total reserved 1544192K, committed 62464K, used 33270K [0x00000000a1c00000, 0x0000000100000000)
  region size 1024K, 1 young (1024K), 1 survivors (1024K)
 Metaspace       used 74197K, committed 74944K, reserved 1179648K
  class space    used 8048K, committed 8384K, reserved 1048576K
}
Event: 442.095 GC heap before
{Heap before GC invocations=111 (full 0):
 garbage-first heap   total reserved 1544192K, committed 62464K, used 54774K [0x00000000a1c00000, 0x0000000100000000)
  region size 1024K, 23 young (23552K), 1 survivors (1024K)
 Metaspace       used 74198K, committed 74944K, reserved 1179648K
  class space    used 8048K, committed 8384K, reserved 1048576K
}
Event: 442.098 GC heap after
{Heap after GC invocations=112 (full 0):
 garbage-first heap   total reserved 1544192K, committed 62464K, used 33274K [0x00000000a1c00000, 0x0000000100000000)
  region size 1024K, 1 young (1024K), 1 survivors (1024K)
 Metaspace       used 74198K, committed 74944K, reserved 1179648K
  class space    used 8048K, committed 8384K, reserved 1048576K
}

